Arguments: 
  D:\soft\nodejs\node.exe D:\soft\yarn\bin\yarn.js add app1.css

PATH: 
  D:\soft\cmder\vendor\git-for-windows\mingw64\bin;D:\soft\cmder\vendor\git-for-windows\usr\bin;C:\Users\Administrator\bin;C:\Windows\system32;C:\Windows;C:\Windows\System32\Wbem;C:\Windows\System32\WindowsPowerShell\v1.0;D:\soft\yarn\bin;D:\soft\nodejs;D:\Users\Administrator\AppData\Local\Programs\Microsoft VS Code\bin;D:\soft\cmder\vendor\git-for-windows\mingw64\bin;C:\Users\Administrator\AppData\Local\Yarn\bin;C:\Users\Administrator\AppData\Roaming\npm;D:\soft\webstorm\bin

Yarn version: 
  1.22.5

Node version: 
  12.22.9

Platform: 
  win32 x64

Trace: 
  Error: https://registry.npmmirror.com/app1.css: [NOT_FOUND] app1.css not found
      at Request.params.callback [as _callback] (D:\soft\yarn\lib\cli.js:66097:18)
      at Request.self.callback (D:\soft\yarn\lib\cli.js:140749:22)
      at Request.emit (events.js:314:20)
      at Request.<anonymous> (D:\soft\yarn\lib\cli.js:141721:10)
      at Request.emit (events.js:314:20)
      at Gunzip.<anonymous> (D:\soft\yarn\lib\cli.js:141643:12)
      at Object.onceWrapper (events.js:420:28)
      at Gunzip.emit (events.js:326:22)
      at endReadableNT (_stream_readable.js:1241:12)
      at processTicksAndRejections (internal/process/task_queues.js:84:21)

npm manifest: 
  {
    "name": "48mvc-demo1",
    "version": "1.0.0",
    "main": "index.js",
    "license": "MIT",
    "dependencies": {
      "jquery": "^3.6.0"
    }
  }

yarn manifest: 
  No manifest

Lockfile: 
  # THIS IS AN AUTOGENERATED FILE. DO NOT EDIT THIS FILE DIRECTLY.
  # yarn lockfile v1
  
  
  jquery@^3.6.0:
    version "3.6.0"
    resolved "https://registry.npmmirror.com/jquery/-/jquery-3.6.0.tgz#c72a09f15c1bdce142f49dbf1170bdf8adac2470"
    integrity sha512-JVzAR/AjBvVt2BmYhxRCSYysDsPcssdmTFnzyLEts9qNwmjmu4JTAMYubEfwVOSwpQ1I1sKKFcxhZCI2buerfw==
